<?xml version="1.0" encoding="UTF-8"?>
<!-- Generated by org.testng.reporters.JUnitXMLReporter -->
<<<<<<< Updated upstream
<testsuite ignored="0" hostname="LAPTOP-1HKDVQ87" failures="0" tests="1" name="Command line test" time="21.481" errors="0" timestamp="2022-12-24T14:32:43 IST">
  <testcase classname="com.mavenpackage.Driver_Script" name="mydriverscript" time="21.453"/>
=======
<<<<<<< HEAD
<testsuite ignored="0" hostname="M0137" failures="1" tests="1" name="Command line test" time="2.551" errors="0" timestamp="2022-12-21T18:11:49 IST">
  <testcase classname="com.mavenpackage.Driver_Script" name="mydriverscript" time="2.473">
    <failure type="java.lang.NoClassDefFoundError" message="org/openqa/selenium/remote/internal/JsonToWebElementConverter">
      <![CDATA[java.lang.NoClassDefFoundError: org/openqa/selenium/remote/internal/JsonToWebElementConverter
at com.meda.automation.base.BaseClass.setup(BaseClass.java:262)
at com.mavenpackage.Driver_Script.mobile_methods(Driver_Script.java:65)
at com.mavenpackage.Driver_Script.ReadExcel(Driver_Script.java:42)
at com.mavenpackage.Driver_Script.mydriverscript(Driver_Script.java:489)
at java.base/java.util.ArrayList.forEach(ArrayList.java:1511)
at com.mavenpackage.Runner$runner.main(Runner.java:64)
Caused by: java.lang.ClassNotFoundException: org.openqa.selenium.remote.internal.JsonToWebElementConverter
at java.base/jdk.internal.loader.BuiltinClassLoader.loadClass(BuiltinClassLoader.java:641)
at java.base/jdk.internal.loader.ClassLoaders$AppClassLoader.loadClass(ClassLoaders.java:188)
at java.base/java.lang.ClassLoader.loadClass(ClassLoader.java:521)
... 28 more
... Removed 22 stack frames]]>
    </failure>
  </testcase> <!-- mydriverscript -->
=======
<testsuite ignored="0" hostname="LAPTOP-1HKDVQ87" failures="0" tests="1" name="Command line test" time="21.481" errors="0" timestamp="2022-12-24T14:32:43 IST">
  <testcase classname="com.mavenpackage.Driver_Script" name="mydriverscript" time="21.453"/>
>>>>>>> 2d0097074db8943da2f8c59ab528033b61f625bd
>>>>>>> Stashed changes
</testsuite> <!-- Command line test -->
